0 info it worked if it ends with ok
1 verbose cli [ 'node', '/usr/local/bin/npm', 'install' ]
2 info using npm@2.11.3
3 info using node@v0.12.4
4 verbose readDependencies loading dependencies from /Users/Blair/heroku-testing/twitterbot/election-countdown/package.json
5 error install Couldn't read dependencies
6 verbose stack Error: Invalid version: "1.0"
6 verbose stack     at Object.module.exports.fixVersionField (/usr/local/lib/node_modules/npm/node_modules/normalize-package-data/lib/fixer.js:186:13)
6 verbose stack     at /usr/local/lib/node_modules/npm/node_modules/normalize-package-data/lib/normalize.js:32:38
6 verbose stack     at Array.forEach (native)
6 verbose stack     at normalize (/usr/local/lib/node_modules/npm/node_modules/normalize-package-data/lib/normalize.js:31:15)
6 verbose stack     at final (/usr/local/lib/node_modules/npm/node_modules/read-package-json/read-json.js:338:5)
6 verbose stack     at then (/usr/local/lib/node_modules/npm/node_modules/read-package-json/read-json.js:113:5)
6 verbose stack     at /usr/local/lib/node_modules/npm/node_modules/read-package-json/read-json.js:232:12
6 verbose stack     at evalmachine.<anonymous>:334:14
6 verbose stack     at /usr/local/lib/node_modules/npm/node_modules/graceful-fs/graceful-fs.js:102:5
6 verbose stack     at FSReqWrap.oncomplete (evalmachine.<anonymous>:95:15)
7 verbose cwd /Users/Blair/heroku-testing/twitterbot/election-countdown
8 error Darwin 14.4.0
9 error argv "node" "/usr/local/bin/npm" "install"
10 error node v0.12.4
11 error npm  v2.11.3
12 error Invalid version: "1.0"
13 error If you need help, you may report this error at:
13 error     <https://github.com/npm/npm/issues>
14 verbose exit [ 1, true ]
